
CRITICAL - 2020-11-22 00:47:06 --> Invalid file: templates/footer.php
#0 C:\xampp\htdocs\ProjectWork\konsultasi-karir-bk\system\View\View.php(228): CodeIgniter\Exceptions\FrameworkException::forInvalidFile('templates/foote...')
#1 C:\xampp\htdocs\ProjectWork\konsultasi-karir-bk\system\View\View.php(257): CodeIgniter\View\View->render('templates/foote...', Array, true)
#2 C:\xampp\htdocs\ProjectWork\konsultasi-karir-bk\system\Common.php(1119): CodeIgniter\View\View->render('dashboard/dashb...', Array, true)
#3 C:\xampp\htdocs\ProjectWork\konsultasi-karir-bk\app\Controllers\Dashboard.php(12): view('dashboard/dashb...', Array)
#4 C:\xampp\htdocs\ProjectWork\konsultasi-karir-bk\system\CodeIgniter.php(918): App\Controllers\Dashboard->dashboard()
#5 C:\xampp\htdocs\ProjectWork\konsultasi-karir-bk\system\CodeIgniter.php(404): CodeIgniter\CodeIgniter->runController(Object(App\Controllers\Dashboard))
#6 C:\xampp\htdocs\ProjectWork\konsultasi-karir-bk\system\CodeIgniter.php(312): CodeIgniter\CodeIgniter->handleRequest(NULL, Object(Config\Cache), false)
#7 C:\xampp\htdocs\ProjectWork\konsultasi-karir-bk\public\index.php(45): CodeIgniter\CodeIgniter->run()
#8 C:\xampp\htdocs\ProjectWork\konsultasi-karir-bk\system\Commands\Server\rewrite.php(34): require_once('C:\\xampp\\htdocs...')
#9 {main}
CRITICAL - 2020-11-22 06:01:20 --> Out of memory (allocated 2097152) (tried to allocate 32768 bytes)
#0 [internal function]: CodeIgniter\Debug\Exceptions->shutdownHandler()
#1 {main}

CRITICAL - 2020-11-22 01:55:56 --> Undefined variable: title
#0 D:\Sekolah\Tugas\Produktif\Project Work\Project\konsultasi-karir-bk\app\Views\templates\register.php(22): CodeIgniter\Debug\Exceptions->errorHandler(8, 'Undefined varia...', 'D:\\Sekolah\\Tuga...', 22, Array)
#1 D:\Sekolah\Tugas\Produktif\Project Work\Project\konsultasi-karir-bk\system\View\View.php(246): include('D:\\Sekolah\\Tuga...')
#2 D:\Sekolah\Tugas\Produktif\Project Work\Project\konsultasi-karir-bk\system\Common.php(1119): CodeIgniter\View\View->render('templates/regis...', Array, true)
#3 D:\Sekolah\Tugas\Produktif\Project Work\Project\konsultasi-karir-bk\app\Controllers\Register.php(12): view('templates/regis...')
#4 D:\Sekolah\Tugas\Produktif\Project Work\Project\konsultasi-karir-bk\system\CodeIgniter.php(918): App\Controllers\Register->index()
#5 D:\Sekolah\Tugas\Produktif\Project Work\Project\konsultasi-karir-bk\system\CodeIgniter.php(404): CodeIgniter\CodeIgniter->runController(Object(App\Controllers\Register))
#6 D:\Sekolah\Tugas\Produktif\Project Work\Project\konsultasi-karir-bk\system\CodeIgniter.php(312): CodeIgniter\CodeIgniter->handleRequest(NULL, Object(Config\Cache), false)
#7 D:\Sekolah\Tugas\Produktif\Project Work\Project\konsultasi-karir-bk\public\index.php(45): CodeIgniter\CodeIgniter->run()
#8 D:\Sekolah\Tugas\Produktif\Project Work\Project\konsultasi-karir-bk\system\Commands\Server\rewrite.php(34): require_once('D:\\Sekolah\\Tuga...')
#9 {main}

